---------- Date: 2015-04-20 08:26:07 ~ IP : 127.0.0.1 ----------
REQUEST URI : /alloc-2
MOD DETAILS:
   modFile   : D:\OpenServer\domains\laminat\vqmod/xml/filterpro_seo.xml
   id        : Filterpro seo
   version   : 1.5.[1-4]
   vqmver    : 2.1.6(7)
   author    : s-m-o-k@list.ru

File Name    : catalog/controller/product/manufacturer.php(2)
VQModObject::applyMod - SEARCH NOT FOUND (ABORTING MOD): $product_total = $this->model_catalog_product->getTotalProducts($data);
----------------------------------------------------------------------


---------- Date: 2015-04-20 09:46:06 ~ IP : 127.0.0.1 ----------
REQUEST URI : /laminat/
MOD DETAILS:
   modFile   : D:\OpenServer\domains\laminat\vqmod/xml/filterpro_seo.xml
   id        : Filterpro seo
   version   : 1.5.[1-4]
   vqmver    : 2.1.6(7)
   author    : s-m-o-k@list.ru

File Name    : catalog/controller/product/category.php(2)
VQModObject::applyMod - SEARCH NOT FOUND (ABORTING MOD): $product_total = $this->model_catalog_product->getTotalProducts($data);
----------------------------------------------------------------------


---------- Date: 2015-04-20 09:52:10 ~ IP : 127.0.0.1 ----------
REQUEST URI : /admin/index.php?route=module/product_status&amp;token=4183f32c648069f648d64f1aeafb0d7b
MOD DETAILS:
   modFile   : D:\OpenServer\domains\laminat\vqmod/xml/allpagelayout.xml
   id        : All Page Layout
   version   : 1.0.0
   vqmver    : 2.4.1
   author    : LongNH

File Name    : admin/controller/module/*.php(0)
VQModObject::applyMod - SEARCH NOT FOUND (ABORTING MOD): $this->data['layouts'] = $this->model_design_layout->getLayouts();

----------------------------------------------------------------------


---------- Date: 2015-04-20 10:08:15 ~ IP : 127.0.0.1 ----------
REQUEST URI : /apple-cinema-30
MOD DETAILS:
   modFile   : D:\OpenServer\domains\laminat\vqmod/xml/ESPONI_OPA_v1.55.xml
   id        : OPA
   version   : see below
   vqmver    : 1.0.8
   author    : Poniyoco

File Name    : catalog/view/theme/*/template/product/product.tpl(0)
VQModObject::applyMod - SEARCH NOT FOUND (ABORTING MOD): <div class="product-info">

----------------------------------------------------------------------


---------- Date: 2015-04-20 16:01:55 ~ IP : 127.0.0.1 ----------
REQUEST URI : /admin/index.php?route=module/simple/custom&amp;set=order&amp;token=4183f32c648069f648d64f1aeafb0d7b&amp;type=order&amp;id=3
MOD DETAILS:
   modFile   : D:\OpenServer\domains\laminat\vqmod/xml/allpagelayout.xml
   id        : All Page Layout
   version   : 1.0.0
   vqmver    : 2.4.1
   author    : LongNH

File Name    : admin/controller/module/*.php(0)
VQModObject::applyMod - SEARCH NOT FOUND (ABORTING MOD): $this->data['layouts'] = $this->model_design_layout->getLayouts();

----------------------------------------------------------------------


---------- Date: 2015-04-20 16:01:55 ~ IP : 127.0.0.1 ----------
REQUEST URI : /admin/index.php?route=module/simple/custom&amp;set=payment_address&amp;token=4183f32c648069f648d64f1aeafb0d7b&amp;type=order&amp;id=3
MOD DETAILS:
   modFile   : D:\OpenServer\domains\laminat\vqmod/xml/allpagelayout.xml
   id        : All Page Layout
   version   : 1.0.0
   vqmver    : 2.4.1
   author    : LongNH

File Name    : admin/controller/module/*.php(0)
VQModObject::applyMod - SEARCH NOT FOUND (ABORTING MOD): $this->data['layouts'] = $this->model_design_layout->getLayouts();

----------------------------------------------------------------------


---------- Date: 2015-04-20 17:05:00 ~ IP : 127.0.0.1 ----------
REQUEST URI : /admin/index.php?route=module/simple/custom&amp;set=payment_address&amp;token=4183f32c648069f648d64f1aeafb0d7b&amp;type=order&amp;id=8
MOD DETAILS:
   modFile   : D:\OpenServer\domains\laminat\vqmod/xml/allpagelayout.xml
   id        : All Page Layout
   version   : 1.0.0
   vqmver    : 2.4.1
   author    : LongNH

File Name    : admin/controller/module/*.php(0)
VQModObject::applyMod - SEARCH NOT FOUND (ABORTING MOD): $this->data['layouts'] = $this->model_design_layout->getLayouts();

----------------------------------------------------------------------


---------- Date: 2015-04-20 17:05:00 ~ IP : 127.0.0.1 ----------
REQUEST URI : /admin/index.php?route=module/simple/custom&amp;set=order&amp;token=4183f32c648069f648d64f1aeafb0d7b&amp;type=order&amp;id=8
MOD DETAILS:
   modFile   : D:\OpenServer\domains\laminat\vqmod/xml/allpagelayout.xml
   id        : All Page Layout
   version   : 1.0.0
   vqmver    : 2.4.1
   author    : LongNH

File Name    : admin/controller/module/*.php(0)
VQModObject::applyMod - SEARCH NOT FOUND (ABORTING MOD): $this->data['layouts'] = $this->model_design_layout->getLayouts();

----------------------------------------------------------------------


