---------- Date: 2015-04-28 14:14:30 ~ IP : 127.0.0.1 ----------
REQUEST URI : /admin/index.php?route=module/product_status&amp;token=4183f32c648069f648d64f1aeafb0d7b
MOD DETAILS:
   modFile   : D:\OpenServer\domains\laminat\vqmod/xml/allpagelayout.xml
   id        : All Page Layout
   version   : 1.0.0
   vqmver    : 2.4.1
   author    : LongNH

File Name    : admin/controller/module/*.php(0)
VQModObject::applyMod - SEARCH NOT FOUND (ABORTING MOD): $this->data['layouts'] = $this->model_design_layout->getLayouts();

----------------------------------------------------------------------


---------- Date: 2015-04-28 14:29:59 ~ IP : 127.0.0.1 ----------
REQUEST URI : /laminat/
MOD DETAILS:
   modFile   : D:\OpenServer\domains\laminat\vqmod/xml/filterpro_seo.xml
   id        : Filterpro seo
   version   : 1.5.[1-4]
   vqmver    : 2.1.6(7)
   author    : s-m-o-k@list.ru

File Name    : catalog/controller/product/category.php(2)
VQModObject::applyMod - SEARCH NOT FOUND (ABORTING MOD): $product_total = $this->model_catalog_product->getTotalProducts($data);
----------------------------------------------------------------------


---------- Date: 2015-04-28 14:30:46 ~ IP : 127.0.0.1 ----------
REQUEST URI : /laminat/
MOD DETAILS:
   modFile   : D:\OpenServer\domains\laminat\vqmod/xml/filterpro_seo.xml
   id        : Filterpro seo
   version   : 1.5.[1-4]
   vqmver    : 2.1.6(7)
   author    : s-m-o-k@list.ru

File Name    : catalog/controller/product/category.php(2)
VQModObject::applyMod - SEARCH NOT FOUND (ABORTING MOD): $product_total = $this->model_catalog_product->getTotalProducts($data);
----------------------------------------------------------------------


---------- Date: 2015-04-28 14:51:00 ~ IP : 127.0.0.1 ----------
REQUEST URI : /laminat/
MOD DETAILS:
   modFile   : D:\OpenServer\domains\laminat\vqmod/xml/filterpro_seo.xml
   id        : Filterpro seo
   version   : 1.5.[1-4]
   vqmver    : 2.1.6(7)
   author    : s-m-o-k@list.ru

File Name    : catalog/controller/product/category.php(2)
VQModObject::applyMod - SEARCH NOT FOUND (ABORTING MOD): $product_total = $this->model_catalog_product->getTotalProducts($data);
----------------------------------------------------------------------


---------- Date: 2015-04-28 14:51:26 ~ IP : 127.0.0.1 ----------
REQUEST URI : /laminat/
MOD DETAILS:
   modFile   : D:\OpenServer\domains\laminat\vqmod/xml/filterpro_seo.xml
   id        : Filterpro seo
   version   : 1.5.[1-4]
   vqmver    : 2.1.6(7)
   author    : s-m-o-k@list.ru

File Name    : catalog/controller/product/category.php(2)
VQModObject::applyMod - SEARCH NOT FOUND (ABORTING MOD): $product_total = $this->model_catalog_product->getTotalProducts($data);
----------------------------------------------------------------------


---------- Date: 2015-04-28 15:03:04 ~ IP : 127.0.0.1 ----------
REQUEST URI : /index.php?route=product/manufacturer/info&amp;manufacturer_id=8
MOD DETAILS:
   modFile   : D:\OpenServer\domains\laminat\vqmod/xml/filterpro_seo.xml
   id        : Filterpro seo
   version   : 1.5.[1-4]
   vqmver    : 2.1.6(7)
   author    : s-m-o-k@list.ru

File Name    : catalog/controller/product/manufacturer.php(2)
VQModObject::applyMod - SEARCH NOT FOUND (ABORTING MOD): $product_total = $this->model_catalog_product->getTotalProducts($data);
----------------------------------------------------------------------


---------- Date: 2015-04-28 15:05:57 ~ IP : 127.0.0.1 ----------
REQUEST URI : /index.php?route=product/manufacturer/info&amp;manufacturer_id=8
MOD DETAILS:
   modFile   : D:\OpenServer\domains\laminat\vqmod/xml/filterpro_seo.xml
   id        : Filterpro seo
   version   : 1.5.[1-4]
   vqmver    : 2.1.6(7)
   author    : s-m-o-k@list.ru

File Name    : catalog/controller/product/manufacturer.php(2)
VQModObject::applyMod - SEARCH NOT FOUND (ABORTING MOD): $product_total = $this->model_catalog_product->getTotalProducts($data);
----------------------------------------------------------------------


---------- Date: 2015-04-28 15:08:20 ~ IP : 127.0.0.1 ----------
REQUEST URI : /index.php?route=product/manufacturer/info&amp;manufacturer_id=8
MOD DETAILS:
   modFile   : D:\OpenServer\domains\laminat\vqmod/xml/filterpro_seo.xml
   id        : Filterpro seo
   version   : 1.5.[1-4]
   vqmver    : 2.1.6(7)
   author    : s-m-o-k@list.ru

File Name    : catalog/controller/product/manufacturer.php(2)
VQModObject::applyMod - SEARCH NOT FOUND (ABORTING MOD): $product_total = $this->model_catalog_product->getTotalProducts($data);
----------------------------------------------------------------------


---------- Date: 2015-04-28 15:12:47 ~ IP : 127.0.0.1 ----------
REQUEST URI : /index.php?route=product/manufacturer/info&amp;manufacturer_id=8&amp;sort=p.price&amp;order=ASC
MOD DETAILS:
   modFile   : D:\OpenServer\domains\laminat\vqmod/xml/filterpro_seo.xml
   id        : Filterpro seo
   version   : 1.5.[1-4]
   vqmver    : 2.1.6(7)
   author    : s-m-o-k@list.ru

File Name    : catalog/controller/product/manufacturer.php(2)
VQModObject::applyMod - SEARCH NOT FOUND (ABORTING MOD): $product_total = $this->model_catalog_product->getTotalProducts($data);
----------------------------------------------------------------------


---------- Date: 2015-04-28 15:13:06 ~ IP : 127.0.0.1 ----------
REQUEST URI : /index.php?route=product/manufacturer/info&amp;manufacturer_id=8&amp;sort=p.price&amp;order=ASC
MOD DETAILS:
   modFile   : D:\OpenServer\domains\laminat\vqmod/xml/filterpro_seo.xml
   id        : Filterpro seo
   version   : 1.5.[1-4]
   vqmver    : 2.1.6(7)
   author    : s-m-o-k@list.ru

File Name    : catalog/controller/product/manufacturer.php(2)
VQModObject::applyMod - SEARCH NOT FOUND (ABORTING MOD): $product_total = $this->model_catalog_product->getTotalProducts($data);
----------------------------------------------------------------------


---------- Date: 2015-04-28 15:15:25 ~ IP : 127.0.0.1 ----------
REQUEST URI : /index.php?route=product/manufacturer/info&amp;manufacturer_id=8&amp;sort=p.price&amp;order=ASC
MOD DETAILS:
   modFile   : D:\OpenServer\domains\laminat\vqmod/xml/filterpro_seo.xml
   id        : Filterpro seo
   version   : 1.5.[1-4]
   vqmver    : 2.1.6(7)
   author    : s-m-o-k@list.ru

File Name    : catalog/controller/product/manufacturer.php(2)
VQModObject::applyMod - SEARCH NOT FOUND (ABORTING MOD): $product_total = $this->model_catalog_product->getTotalProducts($data);
----------------------------------------------------------------------


