---------- Date: 2015-04-15 14:29:17 ~ IP : 127.0.0.1 ----------
REQUEST URI : /laminat/alstenn/castello/
MOD DETAILS:
   modFile   : D:\OpenServer\domains\laminat\vqmod/xml/filterpro_seo.xml
   id        : Filterpro seo
   version   : 1.5.[1-4]
   vqmver    : 2.1.6(7)
   author    : s-m-o-k@list.ru

File Name    : catalog/controller/product/category.php(2)
VQModObject::applyMod - SEARCH NOT FOUND (ABORTING MOD): $product_total = $this->model_catalog_product->getTotalProducts($data);
----------------------------------------------------------------------


---------- Date: 2015-04-15 14:30:03 ~ IP : 127.0.0.1 ----------
REQUEST URI : /laminat/alstenn/castello/
MOD DETAILS:
   modFile   : D:\OpenServer\domains\laminat\vqmod/xml/filterpro_seo.xml
   id        : Filterpro seo
   version   : 1.5.[1-4]
   vqmver    : 2.1.6(7)
   author    : s-m-o-k@list.ru

File Name    : catalog/controller/product/category.php(2)
VQModObject::applyMod - SEARCH NOT FOUND (ABORTING MOD): $product_total = $this->model_catalog_product->getTotalProducts($data);
----------------------------------------------------------------------


---------- Date: 2015-04-15 14:43:00 ~ IP : 127.0.0.1 ----------
REQUEST URI : /laminat/alstenn/castello/wert/qwee/
MOD DETAILS:
   modFile   : D:\OpenServer\domains\laminat\vqmod/xml/filterpro_seo.xml
   id        : Filterpro seo
   version   : 1.5.[1-4]
   vqmver    : 2.1.6(7)
   author    : s-m-o-k@list.ru

File Name    : catalog/controller/product/category.php(2)
VQModObject::applyMod - SEARCH NOT FOUND (ABORTING MOD): $product_total = $this->model_catalog_product->getTotalProducts($data);
----------------------------------------------------------------------


