---------- Date: 2015-04-16 14:12:05 ~ IP : 127.0.0.1 ----------
REQUEST URI : /laminat/
MOD DETAILS:
   modFile   : D:\OpenServer\domains\laminat\vqmod/xml/filterpro_seo.xml
   id        : Filterpro seo
   version   : 1.5.[1-4]
   vqmver    : 2.1.6(7)
   author    : s-m-o-k@list.ru

File Name    : catalog/controller/product/category.php(2)
VQModObject::applyMod - SEARCH NOT FOUND (ABORTING MOD): $product_total = $this->model_catalog_product->getTotalProducts($data);
----------------------------------------------------------------------


---------- Date: 2015-04-16 14:14:08 ~ IP : 127.0.0.1 ----------
REQUEST URI : /laminat/
MOD DETAILS:
   modFile   : D:\OpenServer\domains\laminat\vqmod/xml/filterpro_seo.xml
   id        : Filterpro seo
   version   : 1.5.[1-4]
   vqmver    : 2.1.6(7)
   author    : s-m-o-k@list.ru

File Name    : catalog/controller/product/category.php(2)
VQModObject::applyMod - SEARCH NOT FOUND (ABORTING MOD): $product_total = $this->model_catalog_product->getTotalProducts($data);
----------------------------------------------------------------------


---------- Date: 2015-04-16 14:30:58 ~ IP : 127.0.0.1 ----------
REQUEST URI : /laminat/
MOD DETAILS:
   modFile   : D:\OpenServer\domains\laminat\vqmod/xml/filterpro_seo.xml
   id        : Filterpro seo
   version   : 1.5.[1-4]
   vqmver    : 2.1.6(7)
   author    : s-m-o-k@list.ru

File Name    : catalog/controller/product/category.php(2)
VQModObject::applyMod - SEARCH NOT FOUND (ABORTING MOD): $product_total = $this->model_catalog_product->getTotalProducts($data);
----------------------------------------------------------------------


---------- Date: 2015-04-16 14:31:06 ~ IP : 127.0.0.1 ----------
REQUEST URI : /laminat/
MOD DETAILS:
   modFile   : D:\OpenServer\domains\laminat\vqmod/xml/filterpro_seo.xml
   id        : Filterpro seo
   version   : 1.5.[1-4]
   vqmver    : 2.1.6(7)
   author    : s-m-o-k@list.ru

File Name    : catalog/controller/product/category.php(2)
VQModObject::applyMod - SEARCH NOT FOUND (ABORTING MOD): $product_total = $this->model_catalog_product->getTotalProducts($data);
----------------------------------------------------------------------


---------- Date: 2015-04-16 14:45:49 ~ IP : 127.0.0.1 ----------
REQUEST URI : /admin/index.php?route=module/product_status&amp;token=4183f32c648069f648d64f1aeafb0d7b
MOD DETAILS:
   modFile   : D:\OpenServer\domains\laminat\vqmod/xml/allpagelayout.xml
   id        : All Page Layout
   version   : 1.0.0
   vqmver    : 2.4.1
   author    : LongNH

File Name    : admin/controller/module/*.php(0)
VQModObject::applyMod - SEARCH NOT FOUND (ABORTING MOD): $this->data['layouts'] = $this->model_design_layout->getLayouts();

----------------------------------------------------------------------


---------- Date: 2015-04-16 16:11:01 ~ IP : 127.0.0.1 ----------
REQUEST URI : /laminat/
MOD DETAILS:
   modFile   : D:\OpenServer\domains\laminat\vqmod/xml/filterpro_seo.xml
   id        : Filterpro seo
   version   : 1.5.[1-4]
   vqmver    : 2.1.6(7)
   author    : s-m-o-k@list.ru

File Name    : catalog/controller/product/category.php(2)
VQModObject::applyMod - SEARCH NOT FOUND (ABORTING MOD): $product_total = $this->model_catalog_product->getTotalProducts($data);
----------------------------------------------------------------------


---------- Date: 2015-04-16 16:29:01 ~ IP : 127.0.0.1 ----------
REQUEST URI : /laminat/
MOD DETAILS:
   modFile   : D:\OpenServer\domains\laminat\vqmod/xml/filterpro_seo.xml
   id        : Filterpro seo
   version   : 1.5.[1-4]
   vqmver    : 2.1.6(7)
   author    : s-m-o-k@list.ru

File Name    : catalog/controller/product/category.php(2)
VQModObject::applyMod - SEARCH NOT FOUND (ABORTING MOD): $product_total = $this->model_catalog_product->getTotalProducts($data);
----------------------------------------------------------------------


---------- Date: 2015-04-16 16:43:29 ~ IP : 127.0.0.1 ----------
REQUEST URI : /admin/index.php?route=extension/module/install&amp;token=4183f32c648069f648d64f1aeafb0d7b&amp;extension=ocjoyajaxcheckout
MOD DETAILS:
   modFile   : D:\OpenServer\domains\laminat\vqmod/xml/allpagelayout.xml
   id        : All Page Layout
   version   : 1.0.0
   vqmver    : 2.4.1
   author    : LongNH

File Name    : admin/controller/module/*.php(0)
VQModObject::applyMod - SEARCH NOT FOUND (ABORTING MOD): $this->data['layouts'] = $this->model_design_layout->getLayouts();

----------------------------------------------------------------------


---------- Date: 2015-04-16 16:44:00 ~ IP : 127.0.0.1 ----------
REQUEST URI : /laminat/
MOD DETAILS:
   modFile   : D:\OpenServer\domains\laminat\vqmod/xml/filterpro_seo.xml
   id        : Filterpro seo
   version   : 1.5.[1-4]
   vqmver    : 2.1.6(7)
   author    : s-m-o-k@list.ru

File Name    : catalog/controller/product/category.php(2)
VQModObject::applyMod - SEARCH NOT FOUND (ABORTING MOD): $product_total = $this->model_catalog_product->getTotalProducts($data);
----------------------------------------------------------------------


