2015-03-30 11:30:32 - PHP Notice:  Undefined variable: column_left in D:\OpenServer\domains\laminat\admin\view\template\module\deadcow_seo.tpl on line 1
2015-03-30 11:30:32 - PHP Notice:  Undefined variable: button_cancel in D:\OpenServer\domains\laminat\admin\view\template\module\deadcow_seo.tpl on line 6
2015-03-30 11:30:32 - PHP Notice:  Undefined variable: main_settings in D:\OpenServer\domains\laminat\admin\view\template\module\deadcow_seo.tpl on line 33
2015-03-30 11:30:32 - PHP Notice:  Undefined variable: overwrite_all in D:\OpenServer\domains\laminat\admin\view\template\module\deadcow_seo.tpl on line 91
2015-03-30 11:30:32 - PHP Notice:  Undefined variable: overwrite_all in D:\OpenServer\domains\laminat\admin\view\template\module\deadcow_seo.tpl on line 140
2015-03-30 11:30:32 - PHP Notice:  Undefined variable: overwrite_all in D:\OpenServer\domains\laminat\admin\view\template\module\deadcow_seo.tpl on line 191
2015-03-30 11:30:39 - PHP Notice:  Undefined variable: column_left in D:\OpenServer\domains\laminat\admin\view\template\module\deadcow_seo.tpl on line 1
2015-03-30 11:30:39 - PHP Notice:  Undefined variable: button_cancel in D:\OpenServer\domains\laminat\admin\view\template\module\deadcow_seo.tpl on line 6
2015-03-30 11:30:39 - PHP Notice:  Undefined variable: main_settings in D:\OpenServer\domains\laminat\admin\view\template\module\deadcow_seo.tpl on line 33
2015-03-30 11:30:39 - PHP Notice:  Undefined variable: overwrite_all in D:\OpenServer\domains\laminat\admin\view\template\module\deadcow_seo.tpl on line 91
2015-03-30 11:30:39 - PHP Notice:  Undefined variable: overwrite_all in D:\OpenServer\domains\laminat\admin\view\template\module\deadcow_seo.tpl on line 140
2015-03-30 11:30:39 - PHP Notice:  Undefined variable: overwrite_all in D:\OpenServer\domains\laminat\admin\view\template\module\deadcow_seo.tpl on line 191
2015-04-01 10:16:44 - PHP Notice:  Undefined index: _route_ in D:\OpenServer\domains\laminat\catalog\controller\common\header.php on line 149
2015-04-01 10:19:53 - PHP Notice:  Undefined index: _route_ in D:\OpenServer\domains\laminat\catalog\controller\common\header.php on line 149
2015-04-01 10:19:56 - PHP Notice:  Undefined index: _route_ in D:\OpenServer\domains\laminat\catalog\controller\common\header.php on line 149
2015-04-01 10:21:48 - PHP Notice:  Undefined index: _route_ in D:\OpenServer\domains\laminat\catalog\controller\common\header.php on line 149
2015-04-01 10:32:34 - PHP Notice:  Undefined index: _route_ in D:\OpenServer\domains\laminat\catalog\controller\common\header.php on line 149
2015-04-01 10:32:44 - PHP Notice:  Undefined index: _route_ in D:\OpenServer\domains\laminat\catalog\controller\common\header.php on line 149
2015-04-01 10:32:44 - PHP Notice:  Undefined index: information_id in D:\OpenServer\domains\laminat\catalog\controller\common\header.php on line 150
2015-04-01 10:32:51 - PHP Notice:  Undefined index: information_id in D:\OpenServer\domains\laminat\catalog\controller\common\header.php on line 150
2015-04-01 10:33:40 - PHP Notice:  Undefined index: route in D:\OpenServer\domains\laminat\catalog\controller\common\header.php on line 150
2015-04-01 10:33:40 - PHP Notice:  Undefined index: information_id in D:\OpenServer\domains\laminat\catalog\controller\common\header.php on line 151
2015-04-01 10:34:12 - PHP Notice:  Undefined index: route in D:\OpenServer\domains\laminat\catalog\controller\common\header.php on line 150
2015-04-01 10:34:12 - PHP Notice:  Undefined index: information_id in D:\OpenServer\domains\laminat\catalog\controller\common\header.php on line 151
2015-04-01 10:34:37 - PHP Notice:  Undefined index: information_id in D:\OpenServer\domains\laminat\catalog\controller\common\header.php on line 151
2015-04-01 10:38:32 - PHP Notice:  Undefined index: information_id in D:\OpenServer\domains\laminat\catalog\controller\common\header.php on line 151
2015-04-01 10:41:57 - PHP Notice:  Undefined index: information_id in D:\OpenServer\domains\laminat\catalog\controller\common\header.php on line 155
2015-04-01 10:41:57 - PHP Notice:  Undefined index: information_id in D:\OpenServer\domains\laminat\catalog\controller\common\header.php on line 160
2015-04-01 10:42:27 - PHP Notice:  Undefined index: information_id in D:\OpenServer\domains\laminat\catalog\controller\common\header.php on line 155
2015-04-01 10:42:27 - PHP Notice:  Undefined index: information_id in D:\OpenServer\domains\laminat\catalog\controller\common\header.php on line 160
2015-04-01 10:42:45 - PHP Notice:  Undefined index: information_id in D:\OpenServer\domains\laminat\catalog\controller\common\header.php on line 160
2015-04-01 10:43:14 - PHP Notice:  Undefined index: information_id in D:\OpenServer\domains\laminat\catalog\controller\common\header.php on line 160
2015-04-01 10:43:18 - PHP Notice:  Undefined index: information_id in D:\OpenServer\domains\laminat\catalog\controller\common\header.php on line 155
2015-04-01 10:43:18 - PHP Notice:  Undefined index: information_id in D:\OpenServer\domains\laminat\catalog\controller\common\header.php on line 160
2015-04-01 10:43:35 - PHP Notice:  Undefined index: information_id in D:\OpenServer\domains\laminat\catalog\controller\common\header.php on line 155
2015-04-01 10:43:35 - PHP Notice:  Undefined index: information_id in D:\OpenServer\domains\laminat\catalog\controller\common\header.php on line 160
2015-04-01 10:43:35 - PHP Notice:  Undefined index: information_id in D:\OpenServer\domains\laminat\catalog\controller\common\header.php on line 155
2015-04-01 10:43:35 - PHP Notice:  Undefined index: information_id in D:\OpenServer\domains\laminat\catalog\controller\common\header.php on line 160
2015-04-01 10:43:49 - PHP Notice:  Undefined index: information_id in D:\OpenServer\domains\laminat\catalog\controller\common\header.php on line 160
2015-04-01 10:43:49 - PHP Notice:  Undefined index: information_id in D:\OpenServer\domains\laminat\catalog\controller\common\header.php on line 160
2015-04-01 10:44:30 - PHP Notice:  Undefined index: information_id in D:\OpenServer\domains\laminat\catalog\controller\common\header.php on line 155
2015-04-01 10:44:30 - PHP Notice:  Undefined index: information_id in D:\OpenServer\domains\laminat\catalog\controller\common\header.php on line 155
2015-04-01 10:49:16 - PHP Notice:  Undefined index: information_id in D:\OpenServer\domains\laminat\catalog\controller\common\header.php on line 150
2015-04-01 10:49:16 - PHP Notice:  Undefined index: information_id in D:\OpenServer\domains\laminat\catalog\controller\common\header.php on line 150
2015-04-01 10:51:00 - PHP Notice:  Undefined index: information_id in D:\OpenServer\domains\laminat\catalog\controller\common\header.php on line 150
2015-04-01 10:51:00 - PHP Notice:  Undefined variable: active in D:\OpenServer\domains\laminat\catalog\controller\common\header.php on line 157
2015-04-01 10:51:00 - PHP Notice:  Undefined index: information_id in D:\OpenServer\domains\laminat\catalog\controller\common\header.php on line 150
2015-04-01 10:51:00 - PHP Notice:  Undefined variable: active in D:\OpenServer\domains\laminat\catalog\controller\common\header.php on line 157
2015-04-01 10:51:02 - PHP Notice:  Undefined index: information_id in D:\OpenServer\domains\laminat\catalog\controller\common\header.php on line 150
2015-04-01 10:51:02 - PHP Notice:  Undefined variable: active in D:\OpenServer\domains\laminat\catalog\controller\common\header.php on line 157
2015-04-01 10:51:02 - PHP Notice:  Undefined index: information_id in D:\OpenServer\domains\laminat\catalog\controller\common\header.php on line 150
2015-04-01 10:51:02 - PHP Notice:  Undefined variable: active in D:\OpenServer\domains\laminat\catalog\controller\common\header.php on line 157
2015-04-01 10:51:54 - PHP Notice:  Undefined index: information_id in D:\OpenServer\domains\laminat\catalog\controller\common\header.php on line 151
2015-04-01 10:51:54 - PHP Notice:  Undefined index: information_id in D:\OpenServer\domains\laminat\catalog\controller\common\header.php on line 151
2015-04-01 10:52:10 - PHP Notice:  Undefined index: information_id in D:\OpenServer\domains\laminat\catalog\controller\common\header.php on line 151
2015-04-01 10:52:10 - PHP Notice:  Undefined index: information_id in D:\OpenServer\domains\laminat\catalog\controller\common\header.php on line 151
2015-04-01 10:52:20 - PHP Notice:  Undefined index: information_id in D:\OpenServer\domains\laminat\catalog\controller\common\header.php on line 151
2015-04-01 10:52:20 - PHP Notice:  Undefined index: information_id in D:\OpenServer\domains\laminat\catalog\controller\common\header.php on line 151
2015-04-01 10:52:51 - PHP Notice:  Undefined index: information_id in D:\OpenServer\domains\laminat\catalog\controller\common\header.php on line 151
2015-04-01 10:52:51 - PHP Notice:  Undefined index: information_id in D:\OpenServer\domains\laminat\catalog\controller\common\header.php on line 152
2015-04-01 10:52:51 - PHP Notice:  Undefined index: information_id in D:\OpenServer\domains\laminat\catalog\controller\common\header.php on line 151
2015-04-01 10:52:51 - PHP Notice:  Undefined index: information_id in D:\OpenServer\domains\laminat\catalog\controller\common\header.php on line 152
2015-04-01 16:34:36 - PHP Notice:  Undefined index: background_color in D:\OpenServer\domains\laminat\catalog\view\theme\default\template\module\coin_slider.tpl on line 30
2015-04-01 16:35:18 - PHP Notice:  Undefined index: background_color in D:\OpenServer\domains\laminat\catalog\view\theme\default\template\module\coin_slider.tpl on line 31
2015-04-01 16:35:20 - PHP Notice:  Undefined index: background_color in D:\OpenServer\domains\laminat\catalog\view\theme\default\template\module\coin_slider.tpl on line 31
2015-04-01 16:35:25 - PHP Notice:  Undefined index: background_color in D:\OpenServer\domains\laminat\catalog\view\theme\default\template\module\coin_slider.tpl on line 31
2015-04-01 16:35:26 - PHP Notice:  Undefined index: background_color in D:\OpenServer\domains\laminat\catalog\view\theme\default\template\module\coin_slider.tpl on line 31
2015-04-01 16:36:00 - PHP Notice:  Undefined index: background_color in D:\OpenServer\domains\laminat\catalog\view\theme\default\template\module\coin_slider.tpl on line 30
2015-04-01 16:36:00 - PHP Notice:  Undefined index: background_color in D:\OpenServer\domains\laminat\catalog\view\theme\default\template\module\coin_slider.tpl on line 31
2015-04-01 16:38:26 - PHP Warning:  rmdir(D:\OpenServer\domains\laminat/image/cache/data//slider) [<a href='function.rmdir'>function.rmdir</a>]: Permission denied in D:\OpenServer\domains\laminat\admin\controller\design\coin_slider.php on line 59
2015-04-01 16:38:26 - PHP Warning:  rmdir(D:\OpenServer\domains\laminat/image/cache/data/) [<a href='function.rmdir'>function.rmdir</a>]: Directory not empty in D:\OpenServer\domains\laminat\admin\controller\design\coin_slider.php on line 59
2015-04-01 16:38:26 - PHP Warning:  Cannot modify header information - headers already sent by (output started at D:\OpenServer\domains\laminat\admin\index.php:86) in D:\OpenServer\domains\laminat\vqmod\vqcache\vq2-system_engine_controller.php on line 28
2015-04-01 16:38:26 - PHP Warning:  Cannot modify header information - headers already sent by (output started at D:\OpenServer\domains\laminat\admin\index.php:86) in D:\OpenServer\domains\laminat\vqmod\vqcache\vq2-system_engine_controller.php on line 29
2015-04-01 16:38:34 - PHP Warning:  rmdir(D:\OpenServer\domains\laminat/image/cache/data//slider) [<a href='function.rmdir'>function.rmdir</a>]: Permission denied in D:\OpenServer\domains\laminat\admin\controller\design\coin_slider.php on line 59
2015-04-01 16:38:34 - PHP Warning:  rmdir(D:\OpenServer\domains\laminat/image/cache/data/) [<a href='function.rmdir'>function.rmdir</a>]: Directory not empty in D:\OpenServer\domains\laminat\admin\controller\design\coin_slider.php on line 59
2015-04-01 16:38:34 - PHP Warning:  Cannot modify header information - headers already sent by (output started at D:\OpenServer\domains\laminat\admin\index.php:86) in D:\OpenServer\domains\laminat\vqmod\vqcache\vq2-system_engine_controller.php on line 28
2015-04-01 16:38:34 - PHP Warning:  Cannot modify header information - headers already sent by (output started at D:\OpenServer\domains\laminat\admin\index.php:86) in D:\OpenServer\domains\laminat\vqmod\vqcache\vq2-system_engine_controller.php on line 29
2015-04-01 16:38:47 - PHP Warning:  rmdir(D:\OpenServer\domains\laminat/image/cache/data//slider) [<a href='function.rmdir'>function.rmdir</a>]: Permission denied in D:\OpenServer\domains\laminat\admin\controller\design\coin_slider.php on line 59
2015-04-01 16:38:47 - PHP Warning:  rmdir(D:\OpenServer\domains\laminat/image/cache/data/) [<a href='function.rmdir'>function.rmdir</a>]: Directory not empty in D:\OpenServer\domains\laminat\admin\controller\design\coin_slider.php on line 59
2015-04-01 16:38:47 - PHP Warning:  Cannot modify header information - headers already sent by (output started at D:\OpenServer\domains\laminat\admin\index.php:86) in D:\OpenServer\domains\laminat\vqmod\vqcache\vq2-system_engine_controller.php on line 28
2015-04-01 16:38:47 - PHP Warning:  Cannot modify header information - headers already sent by (output started at D:\OpenServer\domains\laminat\admin\index.php:86) in D:\OpenServer\domains\laminat\vqmod\vqcache\vq2-system_engine_controller.php on line 29
2015-04-02 9:18:30 - PHP Notice:  Undefined variable: image_row in D:\OpenServer\domains\laminat\admin\view\template\design\coin_slider_form.tpl on line 12
2015-04-02 9:18:32 - PHP Notice:  Undefined variable: image_row in D:\OpenServer\domains\laminat\admin\view\template\design\coin_slider_form.tpl on line 12
2015-04-02 9:18:55 - PHP Notice:  Undefined variable: image_row in D:\OpenServer\domains\laminat\admin\view\template\design\coin_slider_form.tpl on line 12
2015-04-02 9:18:56 - PHP Notice:  Undefined variable: image_row in D:\OpenServer\domains\laminat\admin\view\template\design\coin_slider_form.tpl on line 12
